<?xml version="1.0" encoding="UTF-8"?>
<!-- Generated by org.testng.reporters.JUnitReportReporter -->
<testsuite hostname="LAPTOP-2F86KDH7" failures="0" tests="1" name="com.hybridframework.testCases.TC_Login_001" time="38.260" errors="0" timestamp="2022-11-29T14:39:52 GMT" skipped="0">
  <testcase classname="com.hybridframework.testCases.TC_Login_001" name="logintest" time="38.260"/>
  <system-out/>
</testsuite> <!-- com.hybridframework.testCases.TC_Login_001 -->
